2025-07-29 10:50:54,591:INFO:Lancement du micro service DATA:main:10:main_logger
2025-07-29 10:50:54,592:INFO:Début de l'extraction:main_extract:52:extract_logger
2025-07-29 10:50:54,597:DEBUG:Starting new HTTPS connection (1): diffuseur.datatourisme.fr:443:_new_conn:1049:urllib3.connectionpool
2025-07-29 10:50:54,824:DEBUG:https://diffuseur.datatourisme.fr:443 "GET /webservice/c319be5023193089b03be95f079bbfce/%7Bc48f545b-25fe-48b3-84c7-d29f76d9e2e3%7D HTTP/1.1" 200 None:_make_request:544:urllib3.connectionpool
2025-07-29 10:50:56,784:INFO:URL connue:main_extract:58:extract_logger
2025-07-29 10:50:56,838:INFO:Le répertoire datatourisme existe déjà:unfold_data:32:extract_logger
2025-07-29 10:51:00,641:INFO:Suppression de l'ancien répertoire datatourisme:unfold_data:35:extract_logger
2025-07-29 10:51:00,642:INFO:Création du nouveau répertoire datatourisme:unfold_data:41:extract_logger
2025-07-29 10:51:08,944:INFO:Répertoire datatourisme créé:main_extract:61:extract_logger
2025-07-29 10:51:08,945:INFO:Début de la création du fichier JSON:main_create:166:create_logger
2025-07-29 10:53:10,042:INFO:Création du JSON datatourisme OK:main_create:167:create_logger
2025-07-29 15:56:23,915:INFO:[31m[1mWARNING: This is a development server. Do not use it in a production deployment. Use a production WSGI server instead.[0m
 * Running on all addresses (0.0.0.0)
 * Running on http://127.0.0.1:2025
 * Running on http://192.168.1.41:2025:_log:97:werkzeug
2025-07-29 15:56:23,915:INFO:[33mPress CTRL+C to quit[0m:_log:97:werkzeug
2025-07-29 15:56:23,918:INFO: * Restarting with stat:_log:97:werkzeug
2025-07-29 15:56:24,451:WARNING: * Debugger is active!:_log:97:werkzeug
2025-07-29 15:56:24,461:INFO: * Debugger PIN: 138-158-177:_log:97:werkzeug
2025-07-29 15:56:59,224:INFO:127.0.0.1 - - [29/Jul/2025 15:56:59] "GET / HTTP/1.1" 200 -:_log:97:werkzeug
2025-07-29 15:56:59,256:INFO:127.0.0.1 - - [29/Jul/2025 15:56:59] "[33mGET /apple-touch-icon-precomposed.png HTTP/1.1[0m" 404 -:_log:97:werkzeug
2025-07-29 15:56:59,279:INFO:127.0.0.1 - - [29/Jul/2025 15:56:59] "[33mGET /favicon.ico HTTP/1.1[0m" 404 -:_log:97:werkzeug
2025-07-29 15:56:59,398:INFO:127.0.0.1 - - [29/Jul/2025 15:56:59] "[33mGET /apple-touch-icon.png HTTP/1.1[0m" 404 -:_log:97:werkzeug
2025-07-29 16:00:42,915:INFO:[31m[1mWARNING: This is a development server. Do not use it in a production deployment. Use a production WSGI server instead.[0m
 * Running on all addresses (0.0.0.0)
 * Running on http://127.0.0.1:2025
 * Running on http://192.168.1.41:2025:_log:97:werkzeug
2025-07-29 16:00:42,915:INFO:[33mPress CTRL+C to quit[0m:_log:97:werkzeug
2025-07-29 16:00:42,916:INFO: * Restarting with stat:_log:97:werkzeug
2025-07-29 16:00:43,359:WARNING: * Debugger is active!:_log:97:werkzeug
2025-07-29 16:00:43,367:INFO: * Debugger PIN: 138-158-177:_log:97:werkzeug
2025-07-29 17:27:02,686:INFO:Lancement du micro service DATA:main:17:main_logger
2025-07-29 17:27:02,688:INFO:Début de l'extraction:main_extract:52:extract_logger
2025-07-29 17:27:02,694:DEBUG:Starting new HTTPS connection (1): diffuseur.datatourisme.fr:443:_new_conn:1049:urllib3.connectionpool
2025-07-29 17:27:03,053:DEBUG:https://diffuseur.datatourisme.fr:443 "GET /webservice/c319be5023193089b03be95f079bbfce/%7Bc48f545b-25fe-48b3-84c7-d29f76d9e2e3%7D HTTP/1.1" 200 None:_make_request:544:urllib3.connectionpool
2025-07-29 17:27:05,554:INFO:URL connue et validée:main_extract:58:extract_logger
2025-07-29 17:27:05,598:INFO:Le répertoire datatourisme existe déjà:unfold_data:32:extract_logger
2025-07-29 17:27:09,563:INFO:Suppression de l'ancien répertoire datatourisme:unfold_data:35:extract_logger
2025-07-29 17:27:09,563:INFO:Création du nouveau répertoire datatourisme:unfold_data:41:extract_logger
2025-07-29 17:27:17,176:INFO:Répertoire datatourisme créé:main_extract:61:extract_logger
2025-07-29 17:27:17,177:INFO:Début de la création du fichier JSON:main_create:166:create_logger
2025-07-29 17:29:26,498:INFO:Création du JSON datatourisme OK:main_create:167:create_logger
2025-07-29 17:44:10,697:INFO:Lancement du micro service DATA:main:17:main_logger
2025-07-29 17:44:10,697:INFO:Début de l'extraction:main_extract:52:extract_logger
2025-07-29 17:44:10,708:DEBUG:Starting new HTTPS connection (1): diffuseur.datatourisme.fr:443:_new_conn:1049:urllib3.connectionpool
2025-07-29 17:44:12,695:DEBUG:https://diffuseur.datatourisme.fr:443 "GET /webservice/c319be5023193089b03be95f079bbfce/%7Bc48f545b-25fe-48b3-84c7-d29f76d9e2e3%7D HTTP/1.1" 200 None:_make_request:544:urllib3.connectionpool
2025-07-29 17:44:14,501:INFO:URL connue et validée:main_extract:58:extract_logger
2025-07-29 17:44:14,558:INFO:Le répertoire datatourisme existe déjà:unfold_data:32:extract_logger
2025-07-29 17:44:18,953:INFO:Suppression de l'ancien répertoire datatourisme:unfold_data:35:extract_logger
2025-07-29 17:44:18,953:INFO:Création du nouveau répertoire datatourisme:unfold_data:41:extract_logger
2025-07-29 17:44:29,050:INFO:Répertoire datatourisme créé:main_extract:61:extract_logger
2025-07-29 17:44:29,054:INFO:Début de la création du fichier JSON:main_create:166:create_logger
2025-07-29 17:46:38,360:INFO:Création du JSON datatourisme OK:main_create:167:create_logger
2025-07-29 18:12:41,418:INFO:Lancement du micro service DATA:main:22:main_logger
2025-07-29 18:12:41,420:INFO:Début de l'extraction:main_extract:52:extract_logger
2025-07-29 18:12:41,432:DEBUG:Starting new HTTPS connection (1): diffuseur.datatourisme.fr:443:_new_conn:1049:urllib3.connectionpool
2025-07-29 18:12:41,698:DEBUG:https://diffuseur.datatourisme.fr:443 "GET /webservice/c319be5023193089b03be95f079bbfce/%7Bc48f545b-25fe-48b3-84c7-d29f76d9e2e3%7D HTTP/1.1" 200 None:_make_request:544:urllib3.connectionpool
2025-07-29 18:12:43,823:INFO:URL connue et validée:main_extract:58:extract_logger
2025-07-29 18:12:43,873:INFO:Création du nouveau répertoire datatourisme:unfold_data:41:extract_logger
2025-07-29 18:12:52,567:INFO:Répertoire datatourisme créé:main_extract:61:extract_logger
2025-07-29 18:12:52,569:INFO:Début de la création du fichier JSON:main_create:166:create_logger
2025-07-29 18:15:00,467:INFO:Création du JSON datatourisme OK:main_create:169:create_logger
2025-07-30 20:05:25,920:INFO:Lancement du micro service DATA:main_data:25:main_logger
2025-07-30 20:05:55,041:INFO:Lancement du micro service DATA:main_data:25:main_logger
2025-07-30 20:08:01,747:INFO:Lancement du micro service DATA:maind:7:data-main_logger
2025-07-30 20:48:21,384:INFO:Début de l'extraction:main_extract:52:extract_logger
2025-07-30 20:48:21,394:DEBUG:Starting new HTTPS connection (1): diffuseur.datatourisme.fr:443:_new_conn:1049:urllib3.connectionpool
2025-07-30 20:48:21,688:DEBUG:https://diffuseur.datatourisme.fr:443 "GET /webservice/c319be5023193089b03be95f079bbfce/%7Bc48f545b-25fe-48b3-84c7-d29f76d9e2e3%7D HTTP/1.1" 200 None:_make_request:544:urllib3.connectionpool
2025-07-30 20:49:13,949:INFO:URL connue et validée:main_extract:58:extract_logger
2025-07-30 20:49:13,989:INFO:Création du nouveau répertoire datatourisme:unfold_data:41:extract_logger
2025-07-30 20:49:24,423:INFO:Répertoire datatourisme créé:main_extract:61:extract_logger
2025-07-30 20:49:25,025:INFO:Début de la création du fichier JSON:main_create:166:create_logger
2025-07-30 20:51:29,741:INFO:Création du JSON datatourisme OK:main_create:169:create_logger
2025-07-30 20:51:29,748:INFO:Lancement du micro service DATA:maind:8:data-main_logger
2025-07-30 21:20:33,155:INFO:Début de l'extraction:main_extract:52:extract_logger
2025-07-30 21:20:33,165:DEBUG:Starting new HTTPS connection (1): diffuseur.datatourisme.fr:443:_new_conn:1049:urllib3.connectionpool
2025-07-30 21:20:33,459:DEBUG:https://diffuseur.datatourisme.fr:443 "GET /webservice/c319be5023193089b03be95f079bbfce/%7Bc48f545b-25fe-48b3-84c7-d29f76d9e2e3%7D HTTP/1.1" 200 None:_make_request:544:urllib3.connectionpool
2025-07-30 21:21:25,776:INFO:URL connue et validée:main_extract:58:extract_logger
2025-07-30 21:21:25,817:INFO:Création du nouveau répertoire datatourisme:unfold_data:41:extract_logger
2025-07-30 21:21:35,877:INFO:Répertoire datatourisme créé:main_extract:62:extract_logger
2025-07-30 21:44:32,197:INFO:Lancement du micro service DATA:main:9:data-main_logger
2025-07-30 21:44:32,198:INFO:Début de l'extraction:main_extract:52:extract_logger
2025-07-30 21:44:32,207:DEBUG:Starting new HTTPS connection (1): diffuseur.datatourisme.fr:443:_new_conn:1049:urllib3.connectionpool
2025-07-30 21:44:32,480:DEBUG:https://diffuseur.datatourisme.fr:443 "GET /webservice/c319be5023193089b03be95f079bbfce/%7Bc48f545b-25fe-48b3-84c7-d29f76d9e2e3%7D HTTP/1.1" 200 None:_make_request:544:urllib3.connectionpool
2025-07-30 21:45:24,769:INFO:URL connue et validée:main_extract:58:extract_logger
2025-07-30 21:45:24,813:INFO:Création du nouveau répertoire datatourisme:unfold_data:41:extract_logger
2025-07-30 21:45:33,897:INFO:Répertoire datatourisme créé:main_extract:62:extract_logger
2025-07-30 21:45:33,904:INFO:Début de la création du fichier JSON:main_create:166:create_logger
2025-07-30 21:47:41,038:INFO:Création du JSON datatourisme OK:main_create:169:create_logger
2025-08-04 16:16:47,624:INFO:Début de l'extraction:main_extract:52:extract_logger
2025-08-04 16:16:47,644:DEBUG:Starting new HTTPS connection (1): diffuseur.datatourisme.fr:443:_new_conn:1049:urllib3.connectionpool
2025-08-04 16:16:47,924:DEBUG:https://diffuseur.datatourisme.fr:443 "GET /webservice/c319be5023193089b03be95f079bbfce/%7Bc48f545b-25fe-48b3-84c7-d29f76d9e2e3%7D HTTP/1.1" 200 None:_make_request:544:urllib3.connectionpool
2025-08-04 16:16:50,601:INFO:URL connue et validée:main_extract:58:extract_logger
2025-08-04 16:16:50,653:INFO:Création du nouveau répertoire datatourisme:unfold_data:41:extract_logger
2025-08-04 16:16:57,388:INFO:Répertoire datatourisme créé:main_extract:61:extract_logger
2025-08-04 16:29:43,003:INFO:Début de l'extraction:main_extract:52:extract_logger
2025-08-04 16:29:43,011:DEBUG:Starting new HTTPS connection (1): diffuseur.datatourisme.fr:443:_new_conn:1049:urllib3.connectionpool
2025-08-04 16:29:43,278:DEBUG:https://diffuseur.datatourisme.fr:443 "GET /webservice/c319be5023193089b03be95f079bbfce/%7Bc48f545b-25fe-48b3-84c7-d29f76d9e2e3%7D HTTP/1.1" 200 None:_make_request:544:urllib3.connectionpool
2025-08-04 16:29:45,668:INFO:URL connue et validée:main_extract:58:extract_logger
2025-08-04 16:29:45,715:INFO:Création du nouveau répertoire datatourisme:unfold_data:41:extract_logger
2025-08-04 16:29:52,099:INFO:Répertoire datatourisme créé:main_extract:61:extract_logger
